[debug] [2026-02-11T04:47:22.256Z] ----------------------------------------------------------------------
[debug] [2026-02-11T04:47:22.257Z] Command:       /nix/store/ws50yvm6vzlzf7jzz6n7xh4szddrack1-nodejs-20.19.1/bin/node /nix/store/c776mhyhgykcld7p90ajrka149ifn61a-firebase-tools-14.26.0/lib/node_modules/firebase-tools/lib/bin/firebase.js init hosting
[debug] [2026-02-11T04:47:22.258Z] CLI Version:   14.26.0
[debug] [2026-02-11T04:47:22.258Z] Platform:      linux
[debug] [2026-02-11T04:47:22.258Z] Node Version:  v20.19.1
[debug] [2026-02-11T04:47:22.258Z] Time:          Wed Feb 11 2026 04:47:22 GMT+0000 (Coordinated Universal Time)
[debug] [2026-02-11T04:47:22.258Z] ----------------------------------------------------------------------
[debug] 
[debug] [2026-02-11T04:47:22.261Z] No OAuth tokens found
[debug] [2026-02-11T04:47:22.262Z] No OAuth tokens found
[error] Failed to fetch Firebase Project from current Studio Workspace: Unable to refresh auth: not yet authenticated.
[info] 
     ######## #### ########  ######## ########     ###     ######  ########
     ##        ##  ##     ## ##       ##     ##  ##   ##  ##       ##
     ######    ##  ########  ######   ########  #########  ######  ######
     ##        ##  ##    ##  ##       ##     ## ##     ##       ## ##
     ##       #### ##     ## ######## ########  ##     ##  ######  ########

You're about to initialize a Firebase project in this directory:

  /home/user/Flux325

[info] 
=== Project Setup
[info] 
[info] First, let's associate this project directory with a Firebase project.
[info] You can create multiple project aliases by running firebase use --add, 
[info] 
[debug] [2026-02-11T05:02:35.297Z] ----------------------------------------------------------------------
[debug] [2026-02-11T05:02:35.299Z] Command:       /nix/store/ws50yvm6vzlzf7jzz6n7xh4szddrack1-nodejs-20.19.1/bin/node /nix/store/c776mhyhgykcld7p90ajrka149ifn61a-firebase-tools-14.26.0/lib/node_modules/firebase-tools/lib/bin/firebase.js init hosting
[debug] [2026-02-11T05:02:35.299Z] CLI Version:   14.26.0
[debug] [2026-02-11T05:02:35.299Z] Platform:      linux
[debug] [2026-02-11T05:02:35.299Z] Node Version:  v20.19.1
[debug] [2026-02-11T05:02:35.299Z] Time:          Wed Feb 11 2026 05:02:35 GMT+0000 (Coordinated Universal Time)
[debug] [2026-02-11T05:02:35.299Z] ----------------------------------------------------------------------
[debug] 
[debug] [2026-02-11T05:02:35.496Z] No OAuth tokens found
[debug] [2026-02-11T05:02:35.496Z] No OAuth tokens found
[error] Failed to fetch Firebase Project from current Studio Workspace: Unable to refresh auth: not yet authenticated.
[info] 
     ######## #### ########  ######## ########     ###     ######  ########
     ##        ##  ##     ## ##       ##     ##  ##   ##  ##       ##
     ######    ##  ########  ######   ########  #########  ######  ######
     ##        ##  ##    ##  ##       ##     ## ##     ##       ## ##
     ##       #### ##     ## ######## ########  ##     ##  ######  ########

You're about to initialize a Firebase project in this directory:

  /home/user/Flux325

Before we get started, keep in mind:

  * You are initializing within an existing Firebase project directory

[info] 
=== Project Setup
[info] 
[info] First, let's associate this project directory with a Firebase project.
[info] You can create multiple project aliases by running firebase use --add, 
[info] 
